[2021-08-31],{"Action":"/swagger/index.html","Info":"{\"MemberId\":0,\"AppId\":0,\"Method\":\"GET\",\"QueryValue\":\"\",\"FormValue\":\"\",\"StatusCode\":200,\"ClientIp\":\"::1\"}","Message":"","Success":true,"Cost":278}

[2021-08-31],{"Action":"/swagger/swagger-ui-standalone-preset.js","Info":"{\"MemberId\":0,\"AppId\":0,\"Method\":\"GET\",\"QueryValue\":\"\",\"FormValue\":\"\",\"StatusCode\":200,\"ClientIp\":\"::1\"}","Message":"","Success":true,"Cost":125}

[2021-08-31],{"Action":"/swagger/swagger-ui.css","Info":"{\"MemberId\":0,\"AppId\":0,\"Method\":\"GET\",\"QueryValue\":\"\",\"FormValue\":\"\",\"StatusCode\":200,\"ClientIp\":\"::1\"}","Message":"","Success":true,"Cost":126}

[2021-08-31],{"Action":"/swagger/swagger-ui-bundle.js","Info":"{\"MemberId\":0,\"AppId\":0,\"Method\":\"GET\",\"QueryValue\":\"\",\"FormValue\":\"\",\"StatusCode\":200,\"ClientIp\":\"::1\"}","Message":"","Success":true,"Cost":153}

[2021-08-31],{"Action":"/swagger/swagger-ui-standalone-preset.js.map","Info":"{\"MemberId\":0,\"AppId\":0,\"Method\":\"GET\",\"QueryValue\":\"\",\"FormValue\":\"\",\"StatusCode\":404,\"ClientIp\":\"127.0.0.1\"}","Message":"","Success":false,"Cost":2}

[2021-08-31],{"Action":"/swagger/swagger-ui-bundle.js.map","Info":"{\"MemberId\":0,\"AppId\":0,\"Method\":\"GET\",\"QueryValue\":\"\",\"FormValue\":\"\",\"StatusCode\":404,\"ClientIp\":\"127.0.0.1\"}","Message":"","Success":false,"Cost":0}

[2021-08-31],{"Action":"/swagger/v1/swagger.json","Info":"{\"MemberId\":0,\"AppId\":0,\"Method\":\"GET\",\"QueryValue\":\"\",\"FormValue\":\"\",\"StatusCode\":200,\"ClientIp\":\"::1\"}","Message":"","Success":true,"Cost":183}

[2021-08-31],{"Action":"/SunriseSunsetData/3/CWB-D863B468-BF22-4C62-AB33-7D4F3875794F","Info":"{\"MemberId\":0,\"AppId\":0,\"Method\":\"GET\",\"QueryValue\":\"\",\"FormValue\":\"\",\"StatusCode\":200,\"ClientIp\":\"::1\"}","Message":"","Success":true,"Cost":1229}

[2021-08-31],{"Action":"/swagger/index.html","Info":"{\"MemberId\":0,\"AppId\":0,\"Method\":\"GET\",\"QueryValue\":\"\",\"FormValue\":\"\",\"StatusCode\":200,\"ClientIp\":\"::1\"}","Message":"","Success":true,"Cost":329}

[2021-08-31],{"Action":"/swagger/swagger-ui-standalone-preset.js","Info":"{\"MemberId\":0,\"AppId\":0,\"Method\":\"GET\",\"QueryValue\":\"\",\"FormValue\":\"\",\"StatusCode\":200,\"ClientIp\":\"::1\"}","Message":"","Success":true,"Cost":81}

[2021-08-31],{"Action":"/swagger/swagger-ui-bundle.js","Info":"{\"MemberId\":0,\"AppId\":0,\"Method\":\"GET\",\"QueryValue\":\"\",\"FormValue\":\"\",\"StatusCode\":200,\"ClientIp\":\"::1\"}","Message":"","Success":true,"Cost":96}

[2021-08-31],{"Action":"/swagger/swagger-ui.css","Info":"{\"MemberId\":0,\"AppId\":0,\"Method\":\"GET\",\"QueryValue\":\"\",\"FormValue\":\"\",\"StatusCode\":200,\"ClientIp\":\"::1\"}","Message":"","Success":true,"Cost":89}

[2021-08-31],{"Action":"/swagger/swagger-ui-bundle.js.map","Info":"{\"MemberId\":0,\"AppId\":0,\"Method\":\"GET\",\"QueryValue\":\"\",\"FormValue\":\"\",\"StatusCode\":404,\"ClientIp\":\"127.0.0.1\"}","Message":"","Success":false,"Cost":1}

[2021-08-31],{"Action":"/swagger/swagger-ui-standalone-preset.js.map","Info":"{\"MemberId\":0,\"AppId\":0,\"Method\":\"GET\",\"QueryValue\":\"\",\"FormValue\":\"\",\"StatusCode\":404,\"ClientIp\":\"127.0.0.1\"}","Message":"","Success":false,"Cost":0}

[2021-08-31],{"Action":"/swagger/v1/swagger.json","Info":"{\"MemberId\":0,\"AppId\":0,\"Method\":\"GET\",\"QueryValue\":\"\",\"FormValue\":\"\",\"StatusCode\":200,\"ClientIp\":\"::1\"}","Message":"","Success":true,"Cost":176}

[2021-08-31],{"Action":"/SunriseSunsetData/4/CWB-D863B468-BF22-4C62-AB33-7D4F3875794F","Info":"{\"MemberId\":0,\"AppId\":0,\"Method\":\"GET\",\"QueryValue\":\"\",\"FormValue\":\"\",\"StatusCode\":200,\"ClientIp\":\"::1\"}","Message":"","Success":true,"Cost":880}

[2021-08-31],{"Action":"/SunriseSunsetData/3/CWB-D863B468-BF22-4C62-AB33-7D4F3875794F","Info":"{\"MemberId\":0,\"AppId\":0,\"Method\":\"GET\",\"QueryValue\":\"\",\"FormValue\":\"\",\"StatusCode\":200,\"ClientIp\":\"::1\"}","Message":"","Success":true,"Cost":41}

[2021-08-31],{"Action":"/SunriseSunsetData/2/CWB-D863B468-BF22-4C62-AB33-7D4F3875794F","Info":"{\"MemberId\":0,\"AppId\":0,\"Method\":\"GET\",\"QueryValue\":\"\",\"FormValue\":\"\",\"StatusCode\":200,\"ClientIp\":\"::1\"}","Message":"","Success":true,"Cost":312}

[2021-08-31],{"Action":"/SunriseSunsetData/2/CWB-D863B468-BF22-4C62-AB33-7D4F3875794F","Info":"{\"MemberId\":0,\"AppId\":0,\"Method\":\"GET\",\"QueryValue\":\"\",\"FormValue\":\"\",\"StatusCode\":200,\"ClientIp\":\"::1\"}","Message":"","Success":true,"Cost":150291}

[2021-08-31],{"Action":"/swagger/index.html","Info":"{\"MemberId\":0,\"AppId\":0,\"Method\":\"GET\",\"QueryValue\":\"\",\"FormValue\":\"\",\"StatusCode\":200,\"ClientIp\":\"::1\"}","Message":"","Success":true,"Cost":246}

[2021-08-31],{"Action":"/swagger/swagger-ui.css","Info":"{\"MemberId\":0,\"AppId\":0,\"Method\":\"GET\",\"QueryValue\":\"\",\"FormValue\":\"\",\"StatusCode\":200,\"ClientIp\":\"::1\"}","Message":"","Success":true,"Cost":66}

[2021-08-31],{"Action":"/swagger/swagger-ui-standalone-preset.js","Info":"{\"MemberId\":0,\"AppId\":0,\"Method\":\"GET\",\"QueryValue\":\"\",\"FormValue\":\"\",\"StatusCode\":200,\"ClientIp\":\"::1\"}","Message":"","Success":true,"Cost":72}

[2021-08-31],{"Action":"/swagger/swagger-ui-bundle.js","Info":"{\"MemberId\":0,\"AppId\":0,\"Method\":\"GET\",\"QueryValue\":\"\",\"FormValue\":\"\",\"StatusCode\":200,\"ClientIp\":\"::1\"}","Message":"","Success":true,"Cost":72}

[2021-08-31],{"Action":"/swagger/swagger-ui-bundle.js.map","Info":"{\"MemberId\":0,\"AppId\":0,\"Method\":\"GET\",\"QueryValue\":\"\",\"FormValue\":\"\",\"StatusCode\":404,\"ClientIp\":\"127.0.0.1\"}","Message":"","Success":false,"Cost":0}

[2021-08-31],{"Action":"/swagger/swagger-ui-standalone-preset.js.map","Info":"{\"MemberId\":0,\"AppId\":0,\"Method\":\"GET\",\"QueryValue\":\"\",\"FormValue\":\"\",\"StatusCode\":404,\"ClientIp\":\"127.0.0.1\"}","Message":"","Success":false,"Cost":0}

[2021-08-31],{"Action":"/swagger/v1/swagger.json","Info":"{\"MemberId\":0,\"AppId\":0,\"Method\":\"GET\",\"QueryValue\":\"\",\"FormValue\":\"\",\"StatusCode\":200,\"ClientIp\":\"::1\"}","Message":"","Success":true,"Cost":152}

[2021-08-31],{"Action":"/SunriseSunsetData/2/CWB-D863B468-BF22-4C62-AB33-7D4F3875794F","Info":"{\"MemberId\":0,\"AppId\":0,\"Method\":\"GET\",\"QueryValue\":\"\",\"FormValue\":\"\",\"StatusCode\":200,\"ClientIp\":\"::1\"}","Message":"","Success":true,"Cost":24229}

[2021-08-31],{"Action":"/SunriseSunsetData/1/CWB-D863B468-BF22-4C62-AB33-7D4F3875794F","Info":"{\"MemberId\":0,\"AppId\":0,\"Method\":\"GET\",\"QueryValue\":\"\",\"FormValue\":\"\",\"StatusCode\":200,\"ClientIp\":\"::1\"}","Message":"","Success":true,"Cost":8501}

[2021-08-31],{"Action":"/SunriseSunsetData/2/CWB-D863B468-BF22-4C62-AB33-7D4F3875794F","Info":"{\"MemberId\":0,\"AppId\":0,\"Method\":\"GET\",\"QueryValue\":\"\",\"FormValue\":\"\",\"StatusCode\":200,\"ClientIp\":\"::1\"}","Message":"","Success":true,"Cost":25890}

[2021-08-31],{"Action":"/swagger/index.html","Info":"{\"MemberId\":0,\"AppId\":0,\"Method\":\"GET\",\"QueryValue\":\"\",\"FormValue\":\"\",\"StatusCode\":200,\"ClientIp\":\"::1\"}","Message":"","Success":true,"Cost":224}

[2021-08-31],{"Action":"/swagger/swagger-ui.css","Info":"{\"MemberId\":0,\"AppId\":0,\"Method\":\"GET\",\"QueryValue\":\"\",\"FormValue\":\"\",\"StatusCode\":200,\"ClientIp\":\"::1\"}","Message":"","Success":true,"Cost":75}

[2021-08-31],{"Action":"/swagger/swagger-ui-standalone-preset.js","Info":"{\"MemberId\":0,\"AppId\":0,\"Method\":\"GET\",\"QueryValue\":\"\",\"FormValue\":\"\",\"StatusCode\":200,\"ClientIp\":\"::1\"}","Message":"","Success":true,"Cost":79}

[2021-08-31],{"Action":"/swagger/swagger-ui-bundle.js","Info":"{\"MemberId\":0,\"AppId\":0,\"Method\":\"GET\",\"QueryValue\":\"\",\"FormValue\":\"\",\"StatusCode\":200,\"ClientIp\":\"::1\"}","Message":"","Success":true,"Cost":84}

[2021-08-31],{"Action":"/swagger/swagger-ui-bundle.js.map","Info":"{\"MemberId\":0,\"AppId\":0,\"Method\":\"GET\",\"QueryValue\":\"\",\"FormValue\":\"\",\"StatusCode\":404,\"ClientIp\":\"127.0.0.1\"}","Message":"","Success":false,"Cost":0}

[2021-08-31],{"Action":"/swagger/swagger-ui-standalone-preset.js.map","Info":"{\"MemberId\":0,\"AppId\":0,\"Method\":\"GET\",\"QueryValue\":\"\",\"FormValue\":\"\",\"StatusCode\":404,\"ClientIp\":\"127.0.0.1\"}","Message":"","Success":false,"Cost":0}

[2021-08-31],{"Action":"/swagger/v1/swagger.json","Info":"{\"MemberId\":0,\"AppId\":0,\"Method\":\"GET\",\"QueryValue\":\"\",\"FormValue\":\"\",\"StatusCode\":200,\"ClientIp\":\"::1\"}","Message":"","Success":true,"Cost":153}

[2021-08-31],{"Action":"/swagger/swagger-ui-bundle.js","Info":"{\"MemberId\":0,\"AppId\":0,\"Method\":\"GET\",\"QueryValue\":\"\",\"FormValue\":\"\",\"StatusCode\":200,\"ClientIp\":\"::1\"}","Message":"","Success":true,"Cost":73}

[2021-08-31],{"Action":"/swagger/swagger-ui.css","Info":"{\"MemberId\":0,\"AppId\":0,\"Method\":\"GET\",\"QueryValue\":\"\",\"FormValue\":\"\",\"StatusCode\":200,\"ClientIp\":\"::1\"}","Message":"","Success":true,"Cost":75}

[2021-08-31],{"Action":"/swagger/swagger-ui-standalone-preset.js","Info":"{\"MemberId\":0,\"AppId\":0,\"Method\":\"GET\",\"QueryValue\":\"\",\"FormValue\":\"\",\"StatusCode\":200,\"ClientIp\":\"::1\"}","Message":"","Success":true,"Cost":72}

[2021-08-31],{"Action":"/swagger/index.html","Info":"{\"MemberId\":0,\"AppId\":0,\"Method\":\"GET\",\"QueryValue\":\"\",\"FormValue\":\"\",\"StatusCode\":200,\"ClientIp\":\"::1\"}","Message":"","Success":true,"Cost":225}

[2021-08-31],{"Action":"/swagger/swagger-ui-bundle.js.map","Info":"{\"MemberId\":0,\"AppId\":0,\"Method\":\"GET\",\"QueryValue\":\"\",\"FormValue\":\"\",\"StatusCode\":404,\"ClientIp\":\"127.0.0.1\"}","Message":"","Success":false,"Cost":0}

[2021-08-31],{"Action":"/swagger/swagger-ui-standalone-preset.js.map","Info":"{\"MemberId\":0,\"AppId\":0,\"Method\":\"GET\",\"QueryValue\":\"\",\"FormValue\":\"\",\"StatusCode\":404,\"ClientIp\":\"127.0.0.1\"}","Message":"","Success":false,"Cost":0}

[2021-08-31],{"Action":"/swagger/v1/swagger.json","Info":"{\"MemberId\":0,\"AppId\":0,\"Method\":\"GET\",\"QueryValue\":\"\",\"FormValue\":\"\",\"StatusCode\":200,\"ClientIp\":\"::1\"}","Message":"","Success":true,"Cost":184}

[2021-08-31],{"Action":"/SunriseSunsetData/3/CWB-D863B468-BF22-4C62-AB33-7D4F3875794F","Info":"{\"MemberId\":0,\"AppId\":0,\"Method\":\"GET\",\"QueryValue\":\"\",\"FormValue\":\"\",\"StatusCode\":200,\"ClientIp\":\"::1\"}","Message":"","Success":true,"Cost":1045}

[2021-08-31],{"Action":"/SunriseSunsetData/4/CWB-D863B468-BF22-4C62-AB33-7D4F3875794F","Info":"{\"MemberId\":0,\"AppId\":0,\"Method\":\"GET\",\"QueryValue\":\"\",\"FormValue\":\"\",\"StatusCode\":200,\"ClientIp\":\"::1\"}","Message":"","Success":true,"Cost":671}

[2021-08-31],{"Action":"/SunriseSunsetData/2/CWB-D863B468-BF22-4C62-AB33-7D4F3875794F","Info":"{\"MemberId\":0,\"AppId\":0,\"Method\":\"GET\",\"QueryValue\":\"\",\"FormValue\":\"\",\"StatusCode\":200,\"ClientIp\":\"::1\"}","Message":"","Success":true,"Cost":400}

[2021-08-31],{"Action":"/swagger/index.html","Info":"{\"MemberId\":0,\"AppId\":0,\"Method\":\"GET\",\"QueryValue\":\"\",\"FormValue\":\"\",\"StatusCode\":200,\"ClientIp\":\"::1\"}","Message":"","Success":true,"Cost":223}

[2021-08-31],{"Action":"/swagger/swagger-ui-bundle.js","Info":"{\"MemberId\":0,\"AppId\":0,\"Method\":\"GET\",\"QueryValue\":\"\",\"FormValue\":\"\",\"StatusCode\":200,\"ClientIp\":\"::1\"}","Message":"","Success":true,"Cost":39}

[2021-08-31],{"Action":"/swagger/swagger-ui.css","Info":"{\"MemberId\":0,\"AppId\":0,\"Method\":\"GET\",\"QueryValue\":\"\",\"FormValue\":\"\",\"StatusCode\":200,\"ClientIp\":\"::1\"}","Message":"","Success":true,"Cost":56}

[2021-08-31],{"Action":"/swagger/swagger-ui-standalone-preset.js","Info":"{\"MemberId\":0,\"AppId\":0,\"Method\":\"GET\",\"QueryValue\":\"\",\"FormValue\":\"\",\"StatusCode\":200,\"ClientIp\":\"::1\"}","Message":"","Success":true,"Cost":19}

[2021-08-31],{"Action":"/swagger/swagger-ui-bundle.js.map","Info":"{\"MemberId\":0,\"AppId\":0,\"Method\":\"GET\",\"QueryValue\":\"\",\"FormValue\":\"\",\"StatusCode\":404,\"ClientIp\":\"127.0.0.1\"}","Message":"","Success":false,"Cost":0}

[2021-08-31],{"Action":"/swagger/swagger-ui-standalone-preset.js.map","Info":"{\"MemberId\":0,\"AppId\":0,\"Method\":\"GET\",\"QueryValue\":\"\",\"FormValue\":\"\",\"StatusCode\":404,\"ClientIp\":\"127.0.0.1\"}","Message":"","Success":false,"Cost":0}

[2021-08-31],{"Action":"/swagger/v1/swagger.json","Info":"{\"MemberId\":0,\"AppId\":0,\"Method\":\"GET\",\"QueryValue\":\"\",\"FormValue\":\"\",\"StatusCode\":200,\"ClientIp\":\"::1\"}","Message":"","Success":true,"Cost":129}

[2021-08-31],{"Action":"/SunriseSunsetData/2/CWB-D863B468-BF22-4C62-AB33-7D4F3875794F","Info":"{\"MemberId\":0,\"AppId\":0,\"Method\":\"GET\",\"QueryValue\":\"\",\"FormValue\":\"\",\"StatusCode\":200,\"ClientIp\":\"::1\"}","Message":"","Success":true,"Cost":993}

[2021-08-31],{"Action":"/SunriseSunsetData/4/CWB-D863B468-BF22-4C62-AB33-7D4F3875794F","Info":"{\"MemberId\":0,\"AppId\":0,\"Method\":\"GET\",\"QueryValue\":\"\",\"FormValue\":\"\",\"StatusCode\":200,\"ClientIp\":\"::1\"}","Message":"","Success":true,"Cost":388}

[2021-08-31],{"Action":"/SunriseSunsetData/3/CWB-D863B468-BF22-4C62-AB33-7D4F3875794F","Info":"{\"MemberId\":0,\"AppId\":0,\"Method\":\"GET\",\"QueryValue\":\"\",\"FormValue\":\"\",\"StatusCode\":200,\"ClientIp\":\"::1\"}","Message":"","Success":true,"Cost":59421}

[2021-08-31],{"Action":"/SunriseSunsetData/4/CWB-D863B468-BF22-4C62-AB33-7D4F3875794F","Info":"{\"MemberId\":0,\"AppId\":0,\"Method\":\"GET\",\"QueryValue\":\"\",\"FormValue\":\"\",\"StatusCode\":200,\"ClientIp\":\"::1\"}","Message":"","Success":true,"Cost":44202}

[2021-08-31],{"Action":"/SunriseSunsetData/2/CWB-D863B468-BF22-4C62-AB33-7D4F3875794F","Info":"{\"MemberId\":0,\"AppId\":0,\"Method\":\"GET\",\"QueryValue\":\"\",\"FormValue\":\"\",\"StatusCode\":200,\"ClientIp\":\"::1\"}","Message":"","Success":true,"Cost":81283}

[2021-08-31],{"Action":"/swagger/index.html","Info":"{\"MemberId\":0,\"AppId\":0,\"Method\":\"GET\",\"QueryValue\":\"\",\"FormValue\":\"\",\"StatusCode\":200,\"ClientIp\":\"::1\"}","Message":"","Success":true,"Cost":279}

[2021-08-31],{"Action":"/swagger/swagger-ui-bundle.js","Info":"{\"MemberId\":0,\"AppId\":0,\"Method\":\"GET\",\"QueryValue\":\"\",\"FormValue\":\"\",\"StatusCode\":200,\"ClientIp\":\"::1\"}","Message":"","Success":true,"Cost":62}

[2021-08-31],{"Action":"/swagger/swagger-ui.css","Info":"{\"MemberId\":0,\"AppId\":0,\"Method\":\"GET\",\"QueryValue\":\"\",\"FormValue\":\"\",\"StatusCode\":200,\"ClientIp\":\"::1\"}","Message":"","Success":true,"Cost":64}

[2021-08-31],{"Action":"/swagger/swagger-ui-standalone-preset.js","Info":"{\"MemberId\":0,\"AppId\":0,\"Method\":\"GET\",\"QueryValue\":\"\",\"FormValue\":\"\",\"StatusCode\":200,\"ClientIp\":\"::1\"}","Message":"","Success":true,"Cost":63}

[2021-08-31],{"Action":"/swagger/swagger-ui-bundle.js.map","Info":"{\"MemberId\":0,\"AppId\":0,\"Method\":\"GET\",\"QueryValue\":\"\",\"FormValue\":\"\",\"StatusCode\":404,\"ClientIp\":\"127.0.0.1\"}","Message":"","Success":false,"Cost":0}

[2021-08-31],{"Action":"/swagger/swagger-ui-standalone-preset.js.map","Info":"{\"MemberId\":0,\"AppId\":0,\"Method\":\"GET\",\"QueryValue\":\"\",\"FormValue\":\"\",\"StatusCode\":404,\"ClientIp\":\"127.0.0.1\"}","Message":"","Success":false,"Cost":0}

[2021-08-31],{"Action":"/swagger/v1/swagger.json","Info":"{\"MemberId\":0,\"AppId\":0,\"Method\":\"GET\",\"QueryValue\":\"\",\"FormValue\":\"\",\"StatusCode\":200,\"ClientIp\":\"::1\"}","Message":"","Success":true,"Cost":157}

[2021-08-31],{"Action":"/swagger/index.html","Info":"{\"MemberId\":0,\"AppId\":0,\"Method\":\"GET\",\"QueryValue\":\"\",\"FormValue\":\"\",\"StatusCode\":200,\"ClientIp\":\"::1\"}","Message":"","Success":true,"Cost":230}

[2021-08-31],{"Action":"/swagger/swagger-ui-bundle.js","Info":"{\"MemberId\":0,\"AppId\":0,\"Method\":\"GET\",\"QueryValue\":\"\",\"FormValue\":\"\",\"StatusCode\":200,\"ClientIp\":\"::1\"}","Message":"","Success":true,"Cost":70}

[2021-08-31],{"Action":"/swagger/swagger-ui.css","Info":"{\"MemberId\":0,\"AppId\":0,\"Method\":\"GET\",\"QueryValue\":\"\",\"FormValue\":\"\",\"StatusCode\":200,\"ClientIp\":\"::1\"}","Message":"","Success":true,"Cost":68}

[2021-08-31],{"Action":"/swagger/swagger-ui-standalone-preset.js","Info":"{\"MemberId\":0,\"AppId\":0,\"Method\":\"GET\",\"QueryValue\":\"\",\"FormValue\":\"\",\"StatusCode\":200,\"ClientIp\":\"::1\"}","Message":"","Success":true,"Cost":74}

[2021-08-31],{"Action":"/swagger/swagger-ui-bundle.js.map","Info":"{\"MemberId\":0,\"AppId\":0,\"Method\":\"GET\",\"QueryValue\":\"\",\"FormValue\":\"\",\"StatusCode\":404,\"ClientIp\":\"127.0.0.1\"}","Message":"","Success":false,"Cost":0}

[2021-08-31],{"Action":"/swagger/swagger-ui-standalone-preset.js.map","Info":"{\"MemberId\":0,\"AppId\":0,\"Method\":\"GET\",\"QueryValue\":\"\",\"FormValue\":\"\",\"StatusCode\":404,\"ClientIp\":\"127.0.0.1\"}","Message":"","Success":false,"Cost":0}

[2021-08-31],{"Action":"/swagger/v1/swagger.json","Info":"{\"MemberId\":0,\"AppId\":0,\"Method\":\"GET\",\"QueryValue\":\"\",\"FormValue\":\"\",\"StatusCode\":200,\"ClientIp\":\"::1\"}","Message":"","Success":true,"Cost":186}

[2021-08-31],{"Action":"/SunriseSunsetData/2/CWB-D863B468-BF22-4C62-AB33-7D4F3875794F","Info":"{\"MemberId\":0,\"AppId\":0,\"Method\":\"GET\",\"QueryValue\":\"\",\"FormValue\":\"\",\"StatusCode\":200,\"ClientIp\":\"::1\"}","Message":"","Success":true,"Cost":11476}

[2021-08-31],{"Action":"/swagger/index.html","Info":"{\"MemberId\":0,\"AppId\":0,\"Method\":\"GET\",\"QueryValue\":\"\",\"FormValue\":\"\",\"StatusCode\":200,\"ClientIp\":\"::1\"}","Message":"","Success":true,"Cost":242}

[2021-08-31],{"Action":"/swagger/swagger-ui-standalone-preset.js","Info":"{\"MemberId\":0,\"AppId\":0,\"Method\":\"GET\",\"QueryValue\":\"\",\"FormValue\":\"\",\"StatusCode\":200,\"ClientIp\":\"::1\"}","Message":"","Success":true,"Cost":74}

[2021-08-31],{"Action":"/swagger/swagger-ui.css","Info":"{\"MemberId\":0,\"AppId\":0,\"Method\":\"GET\",\"QueryValue\":\"\",\"FormValue\":\"\",\"StatusCode\":200,\"ClientIp\":\"::1\"}","Message":"","Success":true,"Cost":73}

[2021-08-31],{"Action":"/swagger/swagger-ui-bundle.js","Info":"{\"MemberId\":0,\"AppId\":0,\"Method\":\"GET\",\"QueryValue\":\"\",\"FormValue\":\"\",\"StatusCode\":200,\"ClientIp\":\"::1\"}","Message":"","Success":true,"Cost":66}

[2021-08-31],{"Action":"/swagger/swagger-ui-bundle.js.map","Info":"{\"MemberId\":0,\"AppId\":0,\"Method\":\"GET\",\"QueryValue\":\"\",\"FormValue\":\"\",\"StatusCode\":404,\"ClientIp\":\"127.0.0.1\"}","Message":"","Success":false,"Cost":0}

[2021-08-31],{"Action":"/swagger/swagger-ui-standalone-preset.js.map","Info":"{\"MemberId\":0,\"AppId\":0,\"Method\":\"GET\",\"QueryValue\":\"\",\"FormValue\":\"\",\"StatusCode\":404,\"ClientIp\":\"127.0.0.1\"}","Message":"","Success":false,"Cost":0}

[2021-08-31],{"Action":"/swagger/v1/swagger.json","Info":"{\"MemberId\":0,\"AppId\":0,\"Method\":\"GET\",\"QueryValue\":\"\",\"FormValue\":\"\",\"StatusCode\":200,\"ClientIp\":\"::1\"}","Message":"","Success":true,"Cost":174}

[2021-08-31],{"Action":"/SunriseSunsetData/2/CWB-D863B468-BF22-4C62-AB33-7D4F3875794F","Info":"{\"MemberId\":0,\"AppId\":0,\"Method\":\"GET\",\"QueryValue\":\"\",\"FormValue\":\"\",\"StatusCode\":200,\"ClientIp\":\"::1\"}","Message":"","Success":true,"Cost":2922}

[2021-08-31],{"Action":"/SunriseSunsetData/4/CWB-D863B468-BF22-4C62-AB33-7D4F3875794F","Info":"{\"MemberId\":0,\"AppId\":0,\"Method\":\"GET\",\"QueryValue\":\"\",\"FormValue\":\"\",\"StatusCode\":200,\"ClientIp\":\"::1\"}","Message":"","Success":true,"Cost":1750}

[2021-08-31],{"Action":"/SunriseSunsetData/3/CWB-D863B468-BF22-4C62-AB33-7D4F3875794F","Info":"{\"MemberId\":0,\"AppId\":0,\"Method\":\"GET\",\"QueryValue\":\"\",\"FormValue\":\"\",\"StatusCode\":200,\"ClientIp\":\"::1\"}","Message":"","Success":true,"Cost":1854}

[2021-08-31],{"Action":"/swagger/index.html","Info":"{\"MemberId\":0,\"AppId\":0,\"Method\":\"GET\",\"QueryValue\":\"\",\"FormValue\":\"\",\"StatusCode\":200,\"ClientIp\":\"::1\"}","Message":"","Success":true,"Cost":361}

[2021-08-31],{"Action":"/swagger/swagger-ui.css","Info":"{\"MemberId\":0,\"AppId\":0,\"Method\":\"GET\",\"QueryValue\":\"\",\"FormValue\":\"\",\"StatusCode\":200,\"ClientIp\":\"::1\"}","Message":"","Success":true,"Cost":136}

[2021-08-31],{"Action":"/swagger/swagger-ui-bundle.js","Info":"{\"MemberId\":0,\"AppId\":0,\"Method\":\"GET\",\"QueryValue\":\"\",\"FormValue\":\"\",\"StatusCode\":200,\"ClientIp\":\"::1\"}","Message":"","Success":true,"Cost":124}

[2021-08-31],{"Action":"/swagger/swagger-ui-standalone-preset.js","Info":"{\"MemberId\":0,\"AppId\":0,\"Method\":\"GET\",\"QueryValue\":\"\",\"FormValue\":\"\",\"StatusCode\":200,\"ClientIp\":\"::1\"}","Message":"","Success":true,"Cost":121}

[2021-08-31],{"Action":"/swagger/swagger-ui-bundle.js.map","Info":"{\"MemberId\":0,\"AppId\":0,\"Method\":\"GET\",\"QueryValue\":\"\",\"FormValue\":\"\",\"StatusCode\":404,\"ClientIp\":\"127.0.0.1\"}","Message":"","Success":false,"Cost":3}

[2021-08-31],{"Action":"/swagger/swagger-ui-standalone-preset.js.map","Info":"{\"MemberId\":0,\"AppId\":0,\"Method\":\"GET\",\"QueryValue\":\"\",\"FormValue\":\"\",\"StatusCode\":404,\"ClientIp\":\"127.0.0.1\"}","Message":"","Success":false,"Cost":0}

[2021-08-31],{"Action":"/swagger/v1/swagger.json","Info":"{\"MemberId\":0,\"AppId\":0,\"Method\":\"GET\",\"QueryValue\":\"\",\"FormValue\":\"\",\"StatusCode\":200,\"ClientIp\":\"::1\"}","Message":"","Success":true,"Cost":244}

